<?xml version="1.0" encoding="UTF-8"?>
<!-- Generated by org.testng.reporters.JUnitXMLReporter -->
<testsuite ignored="0" hostname="DESKTOP-DOVCE3F" failures="0" tests="4" name="Default test" time="8.494" errors="0" timestamp="2026-04-04T22:58:13 IST">
  <testcase classname="test.StoreTest" name="testOrder" time="3.75"/>
  <testcase classname="test.StoreTest" name="inventory" time="1.6"/>
  <testcase classname="test.StoreTest" name="store_order" time="1.528"/>
  <testcase classname="test.StoreTest" name="delete_order" time="1.426"/>
</testsuite> <!-- Default test -->
