<?xml version="1.0" encoding="UTF-8"?>
<!-- Generated by org.testng.reporters.JUnitXMLReporter -->
<testsuite ignored="0" hostname="DESKTOP-DOVCE3F" failures="0" tests="4" name="Default test" time="11.157" errors="0" timestamp="2026-01-13T11:20:40 IST">
  <testcase classname="test.UserTest" name="testpost" time="3.6"/>
  <testcase classname="test.UserTest" name="testGetuserByName" time="1.632"/>
  <testcase classname="test.UserTest" name="testUpdateByname" time="1.424"/>
  <testcase classname="test.UserTest" name="testDeletbByname" time="4.09"/>
</testsuite> <!-- Default test -->
