<?xml version="1.0" encoding="UTF-8"?>
<testng-results ignored="0" total="4" passed="4" failed="0" skipped="0">
  <reporter-output>
  </reporter-output>
  <suite started-at="2026-04-04T23:03:35 IST" name="Suite" finished-at="2026-04-04T23:03:45 IST" duration-ms="9129">
    <groups>
    </groups>
    <test started-at="2026-04-04T23:03:35 IST" name="Test" finished-at="2026-04-04T23:03:45 IST" duration-ms="9129">
      <class name="test.StoreTest">
        <test-method is-config="true" signature="setup()[pri:0, instance:test.StoreTest@79efed2d]" started-at="2026-04-04T23:03:36 IST" name="setup" finished-at="2026-04-04T23:03:36 IST" duration-ms="45" status="PASS">
          <reporter-output>
          </reporter-output>
        </test-method> <!-- setup -->
        <test-method signature="testOrder()[pri:1, instance:test.StoreTest@79efed2d]" started-at="2026-04-04T23:03:36 IST" name="testOrder" finished-at="2026-04-04T23:03:39 IST" duration-ms="3433" status="PASS">
          <reporter-output>
          </reporter-output>
        </test-method> <!-- testOrder -->
        <test-method signature="inventory()[pri:2, instance:test.StoreTest@79efed2d]" started-at="2026-04-04T23:03:39 IST" name="inventory" finished-at="2026-04-04T23:03:42 IST" duration-ms="2467" status="PASS">
          <reporter-output>
          </reporter-output>
        </test-method> <!-- inventory -->
        <test-method signature="store_order()[pri:3, instance:test.StoreTest@79efed2d]" started-at="2026-04-04T23:03:42 IST" name="store_order" finished-at="2026-04-04T23:03:43 IST" duration-ms="1528" status="PASS">
          <reporter-output>
          </reporter-output>
        </test-method> <!-- store_order -->
        <test-method signature="delete_order()[pri:4, instance:test.StoreTest@79efed2d]" started-at="2026-04-04T23:03:43 IST" name="delete_order" finished-at="2026-04-04T23:03:45 IST" duration-ms="1430" status="PASS">
          <reporter-output>
          </reporter-output>
        </test-method> <!-- delete_order -->
      </class> <!-- test.StoreTest -->
    </test> <!-- Test -->
  </suite> <!-- Suite -->
</testng-results>
