<?xml version="1.0" encoding="UTF-8"?>
<testsuite xmlns:xsi="http://www.w3.org/2001/XMLSchema-instance" xsi:noNamespaceSchemaLocation="https://maven.apache.org/surefire/maven-surefire-plugin/xsd/surefire-test-report-3.0.xsd" version="3.0" name="TestSuite" time="9.904" tests="4" errors="0" skipped="0" failures="0">
  <properties>
[...]
</properties>
  <testcase name="testOrder" classname="test.StoreTest" time="3.46">
    <system-out><![CDATA[HTTP/1.1 200 OK
Date: Sat, 04 Apr 2026 17:33:39 GMT
Content-Type: application/json
Transfer-Encoding: chunked
Connection: keep-alive
Access-Control-Allow-Origin: *
Access-Control-Allow-Methods: GET, POST, DELETE, PUT
Access-Control-Allow-Headers: Content-Type, api_key, Authorization
Server: Jetty(9.2.9.v20150224)

{
    "id": 2,
    "petId": 765,
    "quantity": 4,
    "shipDate": "2026-04-04T11:03:36.103+0000",
    "status": "placed",
    "complete": false
}
]]></system-out>
    <system-err><![CDATA[SLF4J(W): No SLF4J providers were found.
SLF4J(W): Defaulting to no-operation (NOP) logger implementation
SLF4J(W): See https://www.slf4j.org/codes.html#noProviders for further details.
]]></system-err>
  </testcase>
  <testcase name="inventory" classname="test.StoreTest" time="2.446">
    <system-out><![CDATA[HTTP/1.1 200 OK
Date: Sat, 04 Apr 2026 17:33:42 GMT
Content-Type: application/json
Transfer-Encoding: chunked
Connection: close
Access-Control-Allow-Origin: *
Access-Control-Allow-Methods: GET, POST, DELETE, PUT
Access-Control-Allow-Headers: Content-Type, api_key, Authorization
Server: Jetty(9.2.9.v20150224)

{
    "sold": 190,
    "string": 433,
    "unavailable": 1,
    "pending": 59,
    "available1": 1,
    "available": 292,
    "invalid_status_value": 1,
    "in process": 2,
    "soldout": 1,
    "grande": 1,
    "SOLD": 1,
    "avaliable": 1,
    "flying": 1
}
]]></system-out>
  </testcase>
  <testcase name="store_order" classname="test.StoreTest" time="1.531">
    <system-out><![CDATA[HTTP/1.1 200 OK
Date: Sat, 04 Apr 2026 17:33:43 GMT
Content-Type: application/json
Transfer-Encoding: chunked
Connection: keep-alive
Access-Control-Allow-Origin: *
Access-Control-Allow-Methods: GET, POST, DELETE, PUT
Access-Control-Allow-Headers: Content-Type, api_key, Authorization
Server: Jetty(9.2.9.v20150224)

{
    "id": 2,
    "petId": 765,
    "quantity": 4,
    "shipDate": "2026-04-04T11:03:36.103+0000",
    "status": "placed",
    "complete": false
}
]]></system-out>
  </testcase>
  <testcase name="delete_order" classname="test.StoreTest" time="1.428">
    <system-out><![CDATA[HTTP/1.1 200 OK
Date: Sat, 04 Apr 2026 17:33:45 GMT
Content-Type: application/json
Transfer-Encoding: chunked
Connection: keep-alive
Access-Control-Allow-Origin: *
Access-Control-Allow-Methods: GET, POST, DELETE, PUT
Access-Control-Allow-Headers: Content-Type, api_key, Authorization
Server: Jetty(9.2.9.v20150224)

{
    "code": 200,
    "type": "unknown",
    "message": "2"
}
]]></system-out>
  </testcase>
</testsuite>