<?xml version="1.0" encoding="UTF-8"?>
<testng-results ignored="0" total="4" passed="4" failed="0" skipped="0">
  <reporter-output>
  </reporter-output>
  <suite started-at="2026-04-04T22:58:04 IST" name="Default suite" finished-at="2026-04-04T22:58:13 IST" duration-ms="8494">
    <groups>
    </groups>
    <test started-at="2026-04-04T22:58:04 IST" name="Default test" finished-at="2026-04-04T22:58:13 IST" duration-ms="8494">
      <class name="test.StoreTest">
        <test-method is-config="true" signature="setup()[pri:0, instance:test.StoreTest@53fe15ff]" started-at="2026-04-04T22:58:04 IST" name="setup" finished-at="2026-04-04T22:58:04 IST" duration-ms="128" status="PASS">
          <reporter-output>
          </reporter-output>
        </test-method> <!-- setup -->
        <test-method signature="testOrder()[pri:1, instance:test.StoreTest@53fe15ff]" started-at="2026-04-04T22:58:04 IST" name="testOrder" finished-at="2026-04-04T22:58:08 IST" duration-ms="3750" status="PASS">
          <reporter-output>
          </reporter-output>
        </test-method> <!-- testOrder -->
        <test-method signature="inventory()[pri:2, instance:test.StoreTest@53fe15ff]" started-at="2026-04-04T22:58:08 IST" name="inventory" finished-at="2026-04-04T22:58:10 IST" duration-ms="1600" status="PASS">
          <reporter-output>
          </reporter-output>
        </test-method> <!-- inventory -->
        <test-method signature="store_order()[pri:3, instance:test.StoreTest@53fe15ff]" started-at="2026-04-04T22:58:10 IST" name="store_order" finished-at="2026-04-04T22:58:11 IST" duration-ms="1528" status="PASS">
          <reporter-output>
          </reporter-output>
        </test-method> <!-- store_order -->
        <test-method signature="delete_order()[pri:4, instance:test.StoreTest@53fe15ff]" started-at="2026-04-04T22:58:11 IST" name="delete_order" finished-at="2026-04-04T22:58:13 IST" duration-ms="1426" status="PASS">
          <reporter-output>
          </reporter-output>
        </test-method> <!-- delete_order -->
      </class> <!-- test.StoreTest -->
    </test> <!-- Default test -->
  </suite> <!-- Default suite -->
</testng-results>
