<?xml version="1.0" encoding="UTF-8"?>
<!-- Generated by org.testng.reporters.JUnitReportReporter -->
<testsuite hostname="DESKTOP-DOVCE3F" failures="0" tests="4" name="test.StoreTest" time="8.304" errors="0" timestamp="2026-04-04T22:58:13 IST" skipped="0">
  <testcase classname="test.StoreTest" name="testOrder" time="3.750"/>
  <testcase classname="test.StoreTest" name="inventory" time="1.600"/>
  <testcase classname="test.StoreTest" name="store_order" time="1.528"/>
  <testcase classname="test.StoreTest" name="delete_order" time="1.426"/>
</testsuite> <!-- test.StoreTest -->
