<?xml version="1.0" encoding="UTF-8"?>
<!-- Generated by org.testng.reporters.JUnitReportReporter -->
<testsuite hostname="DESKTOP-DOVCE3F" failures="0" tests="4" name="test.UserTest" time="9.148" errors="0" timestamp="2026-04-04T22:56:50 IST" skipped="0">
  <testcase classname="test.UserTest" name="testpost" time="3.746"/>
  <testcase classname="test.UserTest" name="testGetuserByName" time="1.628"/>
  <testcase classname="test.UserTest" name="testUpdateByname" time="1.460"/>
  <testcase classname="test.UserTest" name="testDeletbByname" time="2.314"/>
</testsuite> <!-- test.UserTest -->
