<?xml version="1.0" encoding="UTF-8"?>
<!-- Generated by org.testng.reporters.JUnitReportReporter -->
<testsuite hostname="DESKTOP-DOVCE3F" failures="0" tests="4" name="test.UserTest" time="9.090" errors="0" timestamp="2026-01-13T13:16:13 IST" skipped="0">
  <testcase classname="test.UserTest" name="testpost" time="3.999"/>
  <testcase classname="test.UserTest" name="testGetuserByName" time="1.611"/>
  <testcase classname="test.UserTest" name="testUpdateByname" time="1.933"/>
  <testcase classname="test.UserTest" name="testDeletbByname" time="1.547"/>
</testsuite> <!-- test.UserTest -->
