<?xml version="1.0" encoding="UTF-8"?>
<!-- Generated by org.testng.reporters.JUnitReportReporter -->
<testsuite hostname="DESKTOP-DOVCE3F" failures="0" tests="4" name="test.StoreTest" time="8.858" errors="0" timestamp="2026-04-04T23:03:45 IST" skipped="0">
  <testcase classname="test.StoreTest" name="testOrder" time="3.433"/>
  <testcase classname="test.StoreTest" name="inventory" time="2.467"/>
  <testcase classname="test.StoreTest" name="store_order" time="1.528"/>
  <testcase classname="test.StoreTest" name="delete_order" time="1.430"/>
</testsuite> <!-- test.StoreTest -->
